SF:C:\Users\Brayden\Documents\GitHub\pathfinder\lib\src\agent.dart
DA:99,0
LF:1
LH:0
end_of_record
SF:C:\Users\Brayden\Documents\GitHub\pathfinder\lib\src\steering_manager.dart
DA:44,1
DA:58,1
DA:61,3
DA:70,1
DA:71,5
DA:75,1
DA:76,2
DA:93,1
DA:94,1
DA:96,2
DA:101,2
DA:103,2
DA:105,3
DA:108,2
DA:110,2
DA:112,1
DA:118,3
DA:134,1
DA:135,1
DA:136,2
DA:148,1
LF:21
LH:21
end_of_record
SF:C:\Users\Brayden\Documents\GitHub\pathfinder\lib\src\utils\vector_utils.dart
DA:21,2
DA:23,2
DA:24,2
DA:28,2
DA:29,2
DA:32,2
DA:35,2
DA:37,4
LF:8
LH:8
end_of_record
SF:C:\Users\Brayden\Documents\GitHub\pathfinder\lib\src\utils\spatial_hash_grid.dart
DA:17,21
DA:18,21
DA:21,7
DA:22,56
DA:25,7
DA:28,21
DA:32,7
DA:33,14
DA:34,7
DA:35,35
DA:36,14
DA:40,2
DA:41,4
DA:43,4
DA:45,2
DA:46,4
DA:55,1
DA:56,2
DA:57,1
DA:58,2
DA:60,1
DA:62,2
DA:63,1
DA:64,3
DA:67,5
DA:68,2
DA:73,7
DA:75,7
DA:76,1
DA:79,7
DA:80,35
DA:81,35
DA:82,35
DA:83,35
DA:85,14
DA:86,14
DA:87,7
DA:88,14
DA:90,14
DA:92,21
DA:93,7
DA:99,7
DA:103,2
DA:104,4
DA:105,4
LF:45
LH:45
end_of_record
SF:C:\Users\Brayden\Documents\GitHub\pathfinder\lib\src\behaviors\alignment.dart
DA:60,2
DA:64,4
DA:65,3
DA:81,2
DA:83,2
DA:86,5
DA:87,2
DA:91,8
DA:94,4
DA:95,2
DA:98,6
DA:99,8
DA:102,1
DA:103,3
DA:104,2
DA:105,1
DA:106,1
DA:107,4
DA:117,6
DA:118,4
DA:119,2
DA:125,2
DA:127,4
DA:131,4
DA:132,6
DA:134,4
DA:141,2
LF:27
LH:27
end_of_record
SF:C:\Users\Brayden\Documents\GitHub\pathfinder\lib\src\behaviors\cohesion.dart
DA:56,2
DA:60,4
DA:61,3
DA:74,2
DA:76,2
DA:79,5
DA:80,2
DA:84,8
DA:87,4
DA:88,2
DA:91,6
DA:92,8
DA:95,1
DA:96,3
DA:98,2
DA:99,1
DA:100,1
DA:101,4
DA:110,4
DA:111,2
DA:116,2
DA:118,4
DA:122,4
DA:125,6
DA:126,1
DA:130,2
DA:131,4
DA:132,4
DA:138,2
LF:29
LH:29
end_of_record
SF:C:\Users\Brayden\Documents\GitHub\pathfinder\lib\src\behaviors\separation.dart
DA:60,3
DA:64,6
DA:65,4
DA:80,3
DA:82,3
DA:85,6
DA:86,2
DA:93,12
DA:96,6
DA:97,3
DA:100,9
DA:101,3
DA:104,15
DA:107,1
DA:109,1
DA:111,1
DA:113,4
DA:122,3
DA:124,6
DA:126,9
DA:128,3
DA:129,3
DA:134,3
DA:141,6
DA:143,9
DA:145,6
DA:151,2
LF:27
LH:27
end_of_record
SF:C:\Users\Brayden\Documents\GitHub\pathfinder\lib\src\behaviors\flocking.dart
DA:71,1
DA:82,2
DA:83,1
DA:87,2
DA:88,1
DA:92,2
DA:93,1
DA:108,1
DA:111,2
DA:112,2
DA:113,2
DA:117,4
DA:118,2
DA:119,4
DA:124,1
DA:125,1
LF:16
LH:16
end_of_record
SF:C:\Users\Brayden\Documents\GitHub\pathfinder\lib\src\behaviors\arrival.dart
DA:67,2
DA:71,4
DA:72,4
DA:73,2
DA:81,2
DA:84,6
DA:85,2
DA:88,4
DA:95,2
DA:99,2
DA:104,4
DA:107,8
DA:110,2
DA:115,4
DA:118,4
LF:15
LH:15
end_of_record
SF:C:\Users\Brayden\Documents\GitHub\pathfinder\lib\src\behaviors\seek.dart
DA:41,1
DA:43,1
DA:46,3
DA:52,2
DA:55,1
DA:59,1
DA:60,2
DA:63,2
LF:8
LH:8
end_of_record
SF:C:\Users\Brayden\Documents\GitHub\pathfinder\lib\src\obstacle.dart
DA:36,2
DA:37,4
DA:54,3
DA:59,1
DA:60,4
DA:70,2
DA:72,6
DA:76,10
DA:98,2
DA:99,14
DA:103,2
DA:104,8
DA:111,2
DA:112,8
DA:113,8
DA:114,8
DA:115,8
DA:119,6
DA:122,6
LF:19
LH:19
end_of_record
SF:C:\Users\Brayden\Documents\GitHub\pathfinder\lib\src\behaviors\containment.dart
DA:53,1
DA:57,2
DA:73,1
DA:78,3
DA:79,1
DA:84,6
DA:87,2
DA:89,1
DA:93,1
DA:97,5
DA:98,1
DA:99,1
DA:100,7
DA:101,5
DA:102,2
DA:103,1
DA:104,7
DA:107,5
DA:108,1
DA:109,1
DA:110,7
DA:111,5
DA:112,2
DA:113,1
DA:114,7
DA:118,2
DA:119,1
DA:122,4
DA:126,0
DA:127,0
DA:128,0
DA:129,0
DA:131,0
LF:33
LH:28
end_of_record
SF:C:\Users\Brayden\Documents\GitHub\pathfinder\lib\src\behaviors\obstacle_avoidance.dart
DA:61,1
DA:65,2
DA:103,1
DA:108,3
DA:109,2
DA:114,1
DA:117,3
DA:118,2
DA:126,2
DA:129,1
DA:131,1
DA:133,5
DA:134,1
DA:137,2
DA:138,3
DA:142,3
DA:145,2
DA:150,1
DA:151,2
DA:152,1
DA:153,2
DA:156,2
DA:159,1
DA:162,1
DA:176,3
DA:177,3
DA:181,3
DA:182,3
DA:183,2
DA:184,3
DA:185,4
DA:189,3
DA:190,3
DA:191,2
DA:192,2
DA:196,2
DA:197,4
DA:200,3
DA:201,1
DA:208,2
DA:209,2
DA:214,2
LF:42
LH:42
end_of_record
SF:C:\Users\Brayden\Documents\GitHub\pathfinder\lib\src\behaviors\wall_following.dart
DA:67,1
DA:72,2
DA:73,2
DA:79,2
DA:81,4
DA:83,7
DA:85,8
DA:108,1
DA:111,4
DA:114,2
DA:115,4
DA:124,2
DA:127,10
DA:128,10
DA:129,1
DA:132,1
DA:135,2
DA:136,1
DA:137,2
DA:141,2
DA:144,1
DA:155,1
DA:157,1
DA:162,1
DA:163,2
DA:166,1
DA:169,5
DA:193,1
DA:195,15
DA:198,2
DA:203,16
DA:206,17
DA:209,4
DA:211,13
LF:34
LH:34
end_of_record
SF:C:\Users\Brayden\Documents\GitHub\pathfinder\lib\src\behaviors\evade.dart
DA:58,2
DA:63,4
DA:65,4
DA:80,2
DA:83,8
DA:84,2
DA:87,4
DA:88,1
DA:93,10
DA:95,3
DA:101,8
DA:104,4
DA:105,1
DA:112,6
DA:113,2
DA:114,6
DA:117,2
DA:126,2
DA:128,4
DA:133,4
DA:134,5
DA:136,2
DA:137,2
DA:139,0
DA:142,2
DA:143,4
DA:147,4
LF:27
LH:26
end_of_record
SF:C:\Users\Brayden\Documents\GitHub\pathfinder\lib\src\behaviors\flee.dart
DA:50,1
DA:51,3
DA:55,1
DA:58,3
DA:59,1
DA:62,5
DA:64,1
DA:68,1
DA:72,1
DA:76,3
DA:79,2
LF:11
LH:11
end_of_record
SF:C:\Users\Brayden\Documents\GitHub\pathfinder\lib\src\behaviors\pursuit.dart
DA:49,1
DA:50,3
DA:64,1
DA:67,4
DA:68,1
DA:73,5
DA:74,1
DA:76,3
DA:83,4
DA:86,3
DA:87,1
DA:94,6
DA:97,1
DA:106,1
DA:108,2
DA:112,2
DA:113,1
DA:116,1
DA:117,2
DA:119,2
LF:20
LH:20
end_of_record
SF:C:\Users\Brayden\Documents\GitHub\pathfinder\lib\src\flow_field.dart
DA:56,2
DA:62,4
DA:63,4
DA:64,4
DA:66,2
DA:67,2
DA:68,6
DA:72,4
DA:75,4
DA:85,2
DA:87,12
DA:89,6
DA:91,6
DA:117,2
DA:119,12
DA:120,12
DA:123,6
DA:124,6
DA:127,2
DA:128,2
DA:131,2
DA:132,2
DA:138,8
DA:139,7
DA:142,10
DA:143,10
DA:144,10
DA:145,10
DA:149,12
DA:150,12
DA:152,12
DA:153,12
DA:155,8
DA:156,8
DA:158,2
DA:163,0
DA:164,0
DA:165,0
DA:166,0
LF:39
LH:35
end_of_record
SF:C:\Users\Brayden\Documents\GitHub\pathfinder\lib\src\behaviors\flow_field_following.dart
DA:53,1
DA:56,2
DA:69,1
DA:75,1
DA:76,2
DA:77,3
DA:80,6
DA:83,1
DA:87,2
DA:90,2
DA:91,1
DA:95,3
DA:98,2
LF:13
LH:13
end_of_record
SF:C:\Users\Brayden\Documents\GitHub\pathfinder\lib\src\behaviors\leader_following.dart
DA:84,1
DA:91,2
DA:92,2
DA:93,2
DA:94,2
DA:96,1
DA:101,2
DA:102,1
DA:103,2
DA:109,1
DA:111,2
DA:112,1
DA:117,1
DA:122,3
DA:135,1
DA:137,2
DA:138,3
DA:144,3
DA:145,3
DA:149,5
DA:153,1
DA:157,4
DA:159,1
DA:161,3
DA:164,1
DA:165,2
DA:166,4
DA:169,1
DA:170,2
DA:179,2
DA:181,2
DA:185,1
DA:187,2
DA:191,1
LF:34
LH:34
end_of_record
SF:C:\Users\Brayden\Documents\GitHub\pathfinder\lib\src\behaviors\offset_pursuit.dart
DA:79,1
DA:85,2
DA:86,2
DA:87,2
DA:100,1
DA:103,5
DA:104,3
DA:105,2
DA:108,2
DA:109,1
DA:114,6
DA:118,2
DA:119,2
DA:121,4
DA:124,1
DA:125,4
DA:128,7
DA:129,1
DA:133,1
DA:142,1
DA:144,2
DA:145,1
DA:148,2
DA:150,2
DA:154,2
DA:157,2
DA:158,3
DA:160,1
DA:164,1
DA:166,2
DA:167,2
LF:31
LH:31
end_of_record
SF:C:\Users\Brayden\Documents\GitHub\pathfinder\lib\src\path.dart
DA:61,2
DA:65,6
DA:66,4
DA:69,8
DA:76,14
DA:83,2
DA:86,10
DA:94,2
DA:96,8
DA:97,4
LF:10
LH:10
end_of_record
SF:C:\Users\Brayden\Documents\GitHub\pathfinder\lib\src\behaviors\path_following.dart
DA:64,1
DA:67,2
DA:74,1
DA:78,3
DA:81,1
DA:85,6
DA:90,1
DA:92,1
DA:97,2
DA:98,5
DA:99,7
DA:101,0
DA:104,2
DA:105,2
DA:106,1
DA:108,1
DA:110,1
DA:116,6
DA:125,2
DA:127,2
DA:128,8
DA:129,1
DA:130,0
DA:132,0
DA:135,2
DA:139,1
DA:142,3
DA:147,3
DA:148,3
DA:149,2
DA:152,3
DA:156,1
DA:170,1
DA:172,1
DA:174,1
DA:175,1
DA:177,1
DA:182,2
DA:185,1
DA:188,2
DA:197,1
DA:199,2
DA:202,2
DA:203,0
DA:206,1
DA:207,2
DA:210,2
DA:222,1
DA:223,1
DA:224,2
DA:230,2
DA:234,2
LF:52
LH:48
end_of_record
SF:C:\Users\Brayden\Documents\GitHub\pathfinder\lib\src\behaviors\unaligned_collision_avoidance.dart
DA:69,1
DA:73,2
DA:110,1
DA:122,3
DA:123,7
DA:124,3
DA:127,2
DA:128,1
DA:130,3
DA:131,3
DA:132,3
DA:133,3
DA:134,2
DA:136,1
DA:138,5
DA:140,3
DA:142,3
DA:143,2
DA:144,3
DA:145,2
DA:147,7
DA:148,1
DA:152,2
DA:153,1
DA:156,2
DA:157,3
DA:165,2
DA:166,2
DA:168,3
DA:169,2
DA:172,0
DA:173,0
DA:177,6
DA:180,1
DA:181,2
DA:182,4
DA:185,1
DA:189,1
LF:38
LH:36
end_of_record
SF:C:\Users\Brayden\Documents\GitHub\pathfinder\lib\src\behaviors\wander.dart
DA:63,1
DA:68,2
DA:69,2
DA:70,2
DA:71,1
DA:73,5
DA:85,1
DA:92,5
DA:93,2
DA:97,3
DA:98,3
DA:100,2
DA:102,2
DA:103,3
DA:104,3
DA:109,6
DA:110,3
DA:117,2
DA:118,4
DA:120,1
DA:121,4
DA:122,4
DA:123,2
DA:126,3
DA:127,3
DA:128,2
DA:129,3
DA:131,1
DA:132,2
DA:133,2
DA:136,1
DA:140,2
LF:32
LH:32
end_of_record
SF:C:\Users\Brayden\Documents\GitHub\pathfinder\lib\src\pathfinding\grid.dart
DA:88,13
DA:89,52
DA:90,1
DA:92,13
DA:94,1
DA:97,104
DA:98,1
DA:102,26
DA:103,13
DA:104,26
DA:105,13
DA:106,13
DA:111,39
DA:114,13
DA:123,1
DA:134,13
DA:137,13
DA:140,4
DA:143,39
DA:152,13
DA:153,78
DA:165,13
DA:167,65
DA:180,1
DA:182,2
DA:196,12
DA:197,12
DA:198,1
DA:201,24
DA:222,12
DA:224,12
DA:225,1
DA:228,12
DA:229,12
DA:230,12
DA:239,24
DA:240,60
DA:244,24
DA:245,60
DA:249,24
DA:250,60
DA:254,24
DA:255,60
DA:272,33
DA:273,33
DA:274,33
DA:275,33
DA:279,33
DA:280,66
DA:283,33
DA:284,66
DA:287,33
DA:288,60
DA:291,33
DA:292,60
DA:307,1
DA:311,1
DA:312,1
DA:313,2
DA:314,1
DA:315,1
DA:316,3
DA:318,1
DA:319,1
DA:320,1
DA:321,1
DA:322,1
DA:332,3
LF:68
LH:68
end_of_record
SF:C:\Users\Brayden\Documents\GitHub\pathfinder\lib\src\pathfinding\node.dart
DA:59,20
DA:84,14
DA:87,28
DA:112,11
DA:113,22
DA:114,11
DA:132,11
DA:133,11
DA:134,11
DA:135,11
DA:136,11
DA:137,11
DA:138,11
DA:142,1
DA:144,5
DA:148,13
DA:151,13
DA:152,39
DA:153,39
DA:154,30
DA:157,4
DA:158,20
LF:22
LH:22
end_of_record
SF:C:\Users\Brayden\Documents\GitHub\pathfinder\lib\src\pathfinding\finders\astar_finder.dart
DA:49,1
DA:62,1
DA:65,2
DA:66,5
DA:71,1
DA:72,1
DA:75,0
DA:79,1
DA:80,1
DA:83,2
DA:84,1
DA:88,1
DA:89,13
DA:91,1
DA:92,1
DA:95,1
DA:97,1
DA:98,1
DA:101,1
DA:103,1
DA:107,1
DA:109,1
DA:110,1
DA:113,2
DA:115,1
DA:118,2
DA:123,3
DA:129,3
DA:131,1
DA:133,13
DA:134,1
DA:136,1
DA:138,1
DA:139,1
DA:157,1
LF:35
LH:34
end_of_record
SF:C:\Users\Brayden\Documents\GitHub\pathfinder\lib\src\pathfinding\heuristics.dart
DA:59,8
DA:64,32
DA:80,1
DA:82,1
DA:83,1
DA:84,4
DA:102,2
DA:104,2
DA:105,2
DA:109,12
DA:124,0
DA:126,0
DA:145,5
DA:147,5
DA:148,5
DA:156,30
LF:16
LH:14
end_of_record
SF:C:\Users\Brayden\Documents\GitHub\pathfinder\lib\src\pathfinding\pathfinder_base.dart
DA:57,11
DA:110,7
DA:111,7
DA:114,7
DA:115,7
DA:118,14
DA:134,5
DA:138,20
DA:139,20
DA:142,5
DA:160,10
DA:161,5
LF:12
LH:12
end_of_record
SF:C:\Users\Brayden\Documents\GitHub\pathfinder\lib\src\pathfinding\finders\orthogonal_jps_finder.dart
DA:44,1
DA:47,1
DA:56,1
DA:59,2
DA:60,5
DA:65,1
DA:66,1
DA:68,0
DA:71,1
DA:72,1
DA:74,2
DA:75,1
DA:78,1
DA:79,11
DA:80,1
DA:81,1
DA:84,1
DA:85,1
DA:86,1
DA:88,1
DA:89,1
DA:93,1
DA:97,1
DA:110,1
DA:111,1
DA:112,1
DA:113,1
DA:114,1
DA:119,2
DA:120,3
DA:121,2
DA:122,1
DA:126,2
DA:127,3
DA:128,2
DA:129,1
DA:135,1
DA:136,1
DA:137,2
DA:138,2
DA:140,1
DA:142,3
DA:144,6
DA:146,7
DA:149,3
DA:151,6
DA:153,7
DA:158,1
DA:159,2
DA:160,5
DA:165,2
DA:166,1
DA:168,1
DA:182,1
DA:186,1
DA:188,1
DA:191,1
DA:195,7
DA:196,2
DA:199,3
DA:200,1
DA:201,11
DA:202,1
DA:204,1
DA:205,1
DA:206,1
DA:225,1
DA:226,3
DA:227,3
DA:229,1
DA:230,1
DA:234,1
DA:237,1
DA:238,5
DA:239,5
DA:243,5
DA:244,2
DA:251,4
DA:256,3
DA:259,3
DA:264,1
DA:266,4
DA:267,4
DA:272,4
DA:273,4
DA:280,1
LF:86
LH:85
end_of_record
SF:C:\Users\Brayden\Documents\GitHub\pathfinder\lib\src\pathfinding\finders\best_first_finder.dart
DA:39,1
DA:53,1
DA:56,2
DA:58,5
DA:63,1
DA:64,1
DA:66,0
DA:70,1
DA:71,1
DA:74,2
DA:75,1
DA:81,1
DA:82,9
DA:84,1
DA:85,1
DA:88,1
DA:90,1
DA:91,1
DA:94,1
DA:96,1
DA:100,1
DA:102,1
DA:103,1
DA:106,2
DA:107,1
DA:111,3
DA:116,1
DA:117,11
DA:122,1
DA:123,1
DA:128,1
LF:31
LH:30
end_of_record
SF:C:\Users\Brayden\Documents\GitHub\pathfinder\lib\src\pathfinding\finders\bfs_finder.dart
DA:34,1
DA:50,1
DA:53,2
DA:54,1
DA:59,1
DA:60,1
DA:62,0
DA:66,1
DA:67,1
DA:70,2
DA:71,1
DA:77,1
DA:78,1
DA:81,1
DA:82,1
DA:84,1
DA:87,1
DA:89,1
DA:93,1
DA:95,1
DA:96,1
DA:99,2
DA:100,1
DA:104,3
DA:109,1
DA:111,1
DA:113,1
DA:119,1
LF:28
LH:27
end_of_record
SF:C:\Users\Brayden\Documents\GitHub\pathfinder\lib\src\pathfinding\finders\bi_astar_finder.dart
DA:48,1
DA:66,1
DA:69,2
DA:74,1
DA:75,1
DA:77,0
DA:81,5
DA:82,5
DA:87,1
DA:88,1
DA:89,1
DA:90,1
DA:92,1
DA:98,1
DA:99,1
DA:102,2
DA:103,1
DA:107,1
DA:108,9
DA:110,1
DA:111,1
DA:112,1
DA:115,1
DA:117,9
DA:119,1
DA:120,1
DA:121,1
DA:125,2
DA:131,5
DA:132,5
DA:135,2
DA:136,1
DA:140,1
DA:141,1
DA:142,1
DA:145,2
DA:146,3
DA:147,1
DA:154,3
DA:155,2
DA:156,1
DA:159,3
DA:162,5
DA:165,2
DA:166,2
DA:167,1
DA:171,1
DA:177,1
DA:178,1
DA:179,1
DA:180,1
DA:181,1
DA:182,11
DA:186,2
DA:187,1
DA:188,1
DA:189,1
DA:198,1
DA:199,1
DA:200,1
DA:203,2
DA:204,3
DA:205,1
DA:212,3
DA:213,2
DA:214,1
DA:217,3
DA:220,5
DA:223,2
DA:224,2
DA:225,1
DA:229,1
DA:235,1
DA:236,1
DA:237,1
DA:238,1
DA:239,1
DA:241,11
DA:245,2
DA:246,1
DA:247,1
DA:248,1
DA:259,1
DA:270,1
DA:272,1
DA:275,1
DA:276,1
DA:281,1
DA:282,1
DA:284,1
DA:285,1
DA:291,3
LF:92
LH:91
end_of_record
SF:C:\Users\Brayden\Documents\GitHub\pathfinder\lib\src\pathfinding\finders\bi_best_first_finder.dart
DA:42,1
DA:57,1
DA:60,2
DA:65,1
DA:66,1
DA:68,0
DA:72,5
DA:73,5
DA:74,1
DA:75,1
DA:78,1
DA:81,1
DA:82,1
DA:85,2
DA:86,1
DA:90,1
DA:91,1
DA:95,7
DA:96,1
DA:97,1
DA:98,1
DA:99,1
DA:102,7
DA:103,1
DA:104,1
DA:105,1
DA:106,1
DA:109,2
DA:112,1
DA:113,1
DA:114,1
DA:116,3
DA:117,2
DA:118,1
DA:120,3
DA:126,2
DA:127,1
DA:128,1
DA:132,1
DA:133,1
DA:134,9
DA:135,1
DA:136,1
DA:141,1
DA:142,1
DA:143,1
DA:145,3
DA:146,2
DA:147,1
DA:149,3
DA:155,2
DA:156,1
DA:157,1
DA:161,1
DA:162,1
DA:163,9
DA:164,1
DA:165,1
DA:171,1
DA:182,1
DA:183,1
DA:186,2
DA:187,1
DA:188,1
DA:190,1
DA:192,1
DA:193,1
DA:195,2
DA:196,1
DA:197,1
DA:199,1
DA:202,3
LF:72
LH:71
end_of_record
SF:C:\Users\Brayden\Documents\GitHub\pathfinder\lib\src\pathfinding\finders\bi_bfs_finder.dart
DA:47,1
DA:64,1
DA:67,2
DA:72,1
DA:73,1
DA:75,0
DA:78,1
DA:79,1
DA:82,1
DA:83,1
DA:86,2
DA:87,1
DA:89,1
DA:90,1
DA:99,1
DA:100,1
DA:101,1
DA:104,1
DA:105,1
DA:106,1
DA:111,2
DA:114,1
DA:115,2
DA:116,1
DA:118,3
DA:119,2
DA:120,1
DA:122,1
DA:125,1
DA:127,1
DA:129,0
DA:136,1
DA:137,1
DA:138,1
DA:139,1
DA:144,1
DA:145,2
DA:146,1
DA:148,3
DA:149,2
DA:150,1
DA:152,1
DA:155,1
DA:157,1
DA:159,1
DA:166,1
DA:167,1
DA:168,1
DA:169,1
DA:175,1
DA:187,1
DA:189,1
DA:191,1
DA:199,3
LF:54
LH:52
end_of_record
SF:C:\Users\Brayden\Documents\GitHub\pathfinder\lib\src\pathfinding\finders\bi_dijkstra_finder.dart
DA:47,1
DA:63,1
DA:66,2
DA:71,1
DA:72,1
DA:74,0
DA:79,1
DA:80,1
DA:81,1
DA:82,1
DA:84,1
DA:87,5
DA:88,5
DA:94,1
DA:95,1
DA:98,2
DA:99,1
DA:101,1
DA:102,1
DA:106,1
DA:107,1
DA:108,1
DA:109,1
DA:112,1
DA:113,1
DA:114,1
DA:115,1
DA:118,2
DA:123,5
DA:124,1
DA:125,1
DA:129,1
DA:130,1
DA:135,3
DA:136,2
DA:137,1
DA:140,3
DA:142,3
DA:145,2
DA:146,2
DA:147,1
DA:150,1
DA:155,1
DA:156,1
DA:157,1
DA:158,1
DA:159,1
DA:163,2
DA:164,1
DA:165,1
DA:174,1
DA:175,1
DA:179,3
DA:180,2
DA:181,1
DA:184,3
DA:186,3
DA:189,2
DA:190,2
DA:191,1
DA:194,1
DA:199,1
DA:200,1
DA:201,1
DA:202,1
DA:203,1
DA:206,2
DA:207,1
DA:208,1
DA:218,1
DA:229,1
DA:231,1
DA:234,1
DA:235,1
DA:240,1
DA:241,1
DA:243,1
DA:244,1
DA:249,3
LF:79
LH:78
end_of_record
SF:C:\Users\Brayden\Documents\GitHub\pathfinder\lib\src\pathfinding\finders\dijkstra_finder.dart
DA:36,1
DA:52,1
DA:55,2
DA:57,5
DA:62,1
DA:63,1
DA:65,0
DA:69,1
DA:70,1
DA:73,2
DA:74,1
DA:78,1
DA:81,1
DA:82,1
DA:85,1
DA:87,1
DA:88,1
DA:91,1
DA:93,1
DA:97,1
DA:99,1
DA:100,1
DA:103,2
DA:104,1
DA:107,2
DA:112,3
DA:116,3
DA:118,1
DA:119,1
DA:121,1
DA:123,1
DA:124,1
DA:135,1
LF:33
LH:32
end_of_record
SF:C:\Users\Brayden\Documents\GitHub\pathfinder\lib\src\pathfinding\finders\ida_star_finder.dart
DA:59,1
DA:74,1
DA:80,1
DA:81,1
DA:83,0
DA:87,2
DA:88,1
DA:96,10
DA:102,1
DA:104,1
DA:109,1
DA:112,1
DA:121,4
DA:122,1
DA:124,0
DA:151,1
DA:153,2
DA:161,12
DA:162,1
DA:167,1
DA:172,1
DA:175,1
DA:178,1
DA:180,1
DA:182,2
DA:188,1
DA:190,1
DA:191,1
DA:198,2
DA:202,2
DA:206,1
DA:209,2
DA:213,1
DA:214,1
DA:216,2
DA:221,1
DA:222,1
DA:227,1
DA:234,1
LF:39
LH:37
end_of_record
SF:C:\Users\Brayden\Documents\GitHub\pathfinder\lib\src\pathfinding\finders\jps_finder.dart
DA:66,1
DA:70,1
DA:79,1
DA:82,2
DA:83,5
DA:88,1
DA:89,1
DA:91,0
DA:95,1
DA:96,1
DA:99,2
DA:100,1
DA:104,1
DA:105,11
DA:107,1
DA:108,1
DA:111,1
DA:113,1
DA:114,1
DA:117,1
DA:118,1
DA:122,1
DA:126,1
DA:140,1
DA:141,1
DA:142,1
DA:143,1
DA:144,1
DA:145,1
DA:149,1
DA:150,1
DA:152,2
DA:153,2
DA:155,2
DA:158,3
DA:159,3
DA:160,4
DA:161,4
DA:164,4
DA:165,3
DA:167,4
DA:168,5
DA:172,1
DA:173,2
DA:174,1
DA:176,5
DA:177,1
DA:179,5
DA:180,2
DA:184,2
DA:185,1
DA:187,5
DA:188,1
DA:190,5
DA:191,2
DA:199,1
DA:200,2
DA:201,5
DA:206,2
DA:207,1
DA:212,1
DA:214,1
DA:217,1
DA:221,5
DA:222,2
DA:225,3
DA:226,1
DA:227,11
DA:228,1
DA:230,1
DA:231,1
DA:232,1
DA:252,1
DA:253,1
DA:254,1
DA:258,1
DA:262,4
DA:267,2
DA:270,5
DA:271,5
DA:274,5
DA:275,5
DA:279,1
DA:280,1
DA:285,1
DA:286,5
DA:287,5
DA:296,5
DA:297,5
DA:313,1
LF:90
LH:89
end_of_record
SF:C:\Users\Brayden\Documents\GitHub\pathfinder\lib\src\pathfinding\pathfinding_utils.dart
DA:27,1
DA:29,2
DA:30,1
DA:33,1
DA:35,2
DA:38,4
DA:39,2
DA:40,1
DA:41,2
DA:44,3
DA:45,3
DA:47,3
DA:48,3
DA:51,2
DA:52,1
DA:58,4
DA:59,2
DA:82,1
DA:84,2
DA:85,1
DA:88,1
DA:90,2
DA:93,4
DA:94,1
DA:95,2
DA:98,3
DA:99,3
DA:100,5
DA:103,1
DA:106,1
DA:107,1
DA:110,2
DA:111,2
DA:112,2
DA:115,2
DA:121,1
DA:122,1
DA:128,2
DA:129,1
DA:162,1
DA:164,2
DA:165,1
DA:168,2
DA:171,3
DA:172,1
DA:173,1
DA:176,4
DA:178,2
DA:187,2
DA:208,1
DA:209,1
DA:210,1
DA:211,1
DA:212,1
DA:214,2
DA:215,3
DA:216,1
DA:217,2
DA:218,1
DA:224,4
DA:225,2
DA:228,1
DA:232,2
DA:233,2
DA:240,2
DA:245,1
DA:246,1
DA:247,1
DA:248,1
DA:249,1
DA:251,1
DA:252,1
DA:253,1
DA:254,1
LF:74
LH:74
end_of_record
